2026-03-06T19:14:01.379Z [INFO] Config validated 
2026-03-06T19:14:01.416Z [INFO] SQLite database initialized {"path":"./data/blobfs.db"}
2026-03-06T19:14:01.416Z [INFO] Database initialized 
2026-03-06T19:14:01.417Z [INFO] Initializing KZG... 
2026-03-06T19:14:16.881Z [INFO] Creating BlobKit instance... 
2026-03-06T19:14:18.195Z [INFO] BlobKit initialized {"address":"0x313a132F028422c2553aacD22bE55c06134AfaC8","balance":"0.088731867644814164 ETH","chainId":11155111,"proxy":"https://proxy-sepolia.blobkit.org"}
2026-03-06T19:14:18.195Z [INFO] BlobKit initialized 
2026-03-06T19:14:18.197Z [INFO] BlobFS backend running {"port":3000,"chainId":11155111,"proxy":"https://proxy-sepolia.blobkit.org"}
2026-03-06T19:17:00.625Z [INFO] metric {"type":"read","size":0,"duration":1150,"success":false,"source":"error"}
2026-03-06T19:17:00.625Z [ERROR] BlobKit error {"context":"readBlob","error":"could not coalesce error (error={ \"code\": -32602, \"message\": \"data types must start with 0x\" }, payload={ \"id\": 2, \"jsonrpc\": \"2.0\", \"method\": \"eth_getTransactionByHash\", \"params\": [ \"gas\" ] }, code=UNKNOWN_ERROR, version=6.16.0)"}
2026-03-06T19:17:00.625Z [ERROR] Blob read failed {"error":"could not coalesce error (error={ \"code\": -32602, \"message\": \"data types must start with 0x\" }, payload={ \"id\": 2, \"jsonrpc\": \"2.0\", \"method\": \"eth_getTransactionByHash\", \"params\": [ \"gas\" ] }, code=UNKNOWN_ERROR, version=6.16.0)"}
2026-03-06T19:22:06.598Z [INFO] Config validated 
2026-03-06T19:22:06.601Z [INFO] SQLite database initialized {"path":"./data/blobfs.db"}
2026-03-06T19:22:06.601Z [INFO] Database initialized 
2026-03-06T19:22:06.602Z [INFO] Initializing KZG... 
2026-03-06T19:22:22.065Z [INFO] Creating BlobKit instance... 
2026-03-06T19:22:22.254Z [INFO] Config validated 
2026-03-06T19:22:22.258Z [INFO] SQLite database initialized {"path":"./data/blobfs.db"}
2026-03-06T19:22:22.258Z [INFO] Database initialized 
2026-03-06T19:22:22.258Z [INFO] Initializing KZG... 
2026-03-06T19:22:37.724Z [INFO] Creating BlobKit instance... 
2026-03-06T19:22:38.812Z [INFO] BlobKit initialized {"address":"0x313a132F028422c2553aacD22bE55c06134AfaC8","balance":"0.088731867644814164 ETH","chainId":11155111,"proxy":"https://proxy-sepolia.blobkit.org"}
2026-03-06T19:22:38.813Z [INFO] BlobKit initialized 
2026-03-06T19:22:38.813Z [INFO] BlobFS backend running {"port":3000,"chainId":11155111,"proxy":"https://proxy-sepolia.blobkit.org"}
2026-03-06T19:24:32.303Z [INFO] Config validated 
2026-03-06T19:24:32.307Z [INFO] SQLite database initialized {"path":"./data/blobfs.db"}
2026-03-06T19:24:32.307Z [INFO] Database initialized 
2026-03-06T19:24:32.307Z [INFO] Initializing KZG... 
2026-03-06T19:24:47.619Z [INFO] Creating BlobKit instance... 
2026-03-06T19:24:48.680Z [INFO] BlobKit initialized {"address":"0x313a132F028422c2553aacD22bE55c06134AfaC8","balance":"0.088731867644814164 ETH","chainId":11155111,"proxy":"https://proxy-sepolia.blobkit.org"}
2026-03-06T19:24:48.681Z [INFO] BlobKit initialized 
2026-03-06T19:24:48.682Z [INFO] BlobFS backend running {"port":3000,"chainId":11155111,"proxy":"https://proxy-sepolia.blobkit.org"}
