2026-03-06T19:17:00.625Z [ERROR] BlobKit error {"context":"readBlob","error":"could not coalesce error (error={ \"code\": -32602, \"message\": \"data types must start with 0x\" }, payload={ \"id\": 2, \"jsonrpc\": \"2.0\", \"method\": \"eth_getTransactionByHash\", \"params\": [ \"gas\" ] }, code=UNKNOWN_ERROR, version=6.16.0)"}
2026-03-06T19:17:00.625Z [ERROR] Blob read failed {"error":"could not coalesce error (error={ \"code\": -32602, \"message\": \"data types must start with 0x\" }, payload={ \"id\": 2, \"jsonrpc\": \"2.0\", \"method\": \"eth_getTransactionByHash\", \"params\": [ \"gas\" ] }, code=UNKNOWN_ERROR, version=6.16.0)"}
2026-03-06T19:25:41.529Z [ERROR] Gas estimate failed {"error":"Failed to estimate cost: Cannot convert 0,0,0,0,0,0,0,0,0,0,0,0,0,0,0,0,0,0,0,0,0,0,0,0,0,0,0,0,0,0,0,0,0,0,0,0,0,0,0,0,0,0,0,0,0,0,0,0,0,0,0,0,0,0,0,0,0,0,0,0,0,0,0,0,0,0,0,0,0,0,0,0,0,0,0,0,0,0,0,0,0,0,0,0,0,0,0,0,0,0,0,0,0,0,0,0,0,0,0,0,0,0,0,0,0,0,0,0,0,0,0,0,0,0,0,0,0,0,0,0,0,0,0,0,0,0,0,0,0,0,0,0,0,0,0,0,0,0,0,0,0,0,0,0,0,0,0,0,0,0,0,0,0,0,0,0,0,0,0,0,0,0,0,0,0,0,0,0,0,0,0,0,0,0,0,0,0,0,0,0,0,0,0,0,0,0,0,0,0,0,0,0,0,0,0,0,0,0,0,0,0,0,0,0,0,0,0,0,0,0,0,0,0,0,0,0,0,0,0,0,0,0,0,0,0,0,0,0,0,0,0,0,0,0,0,0,0,0,0,0,0,0,0,0,0,0,0,0,0,0,0,0,0,0,0,0,0,0,0,0,0,0,0,0,0,0,0,0,0,0,0,0,0,0,0,0,0,0,0,0,0,0,0,0,0,0,0,0,0,0,0,0,0,0,0,0,0,0,0,0,0,0,0,0,0,0,0,0,0,0,0,0,0,0,0,0,0,0,0,0,0,0,0,0,0,0,0,0,0,0,0,0,0,0,0,0,0,0,0,0,0,0,0,0,0,0,0,0,0,0,0,0,0,0,0,0,0,0,0,0,0,0,0,0,0,0,0,0,0,0,0,0,0,0,0,0,0,0,0,0,0,0,0,0,0,0,0,0,0,0,0,0,0,0,0,0,0,0,0,0,0,0,0,0,0,0,0,0,0,0,0,0,0,0,0,0,0,0,0,0,0,0,0,0,0,0,0,0,0,0,0,0,0,0,0,0,0,0,0,0,0,0,0,0,0,0,0,0,0,0,0,0,0,0,0,0,0,0,0,0,0,0,0,0,0,0,0,0,0,0,0,0,0,0,0,0,0,0,0,0,0,0,0,0,0,0,0,0,0,0,0,0,0,0,0,0,0,0,0,0,… to a BigInt"}
2026-03-06T19:27:10.083Z [ERROR] Upload failed {"error":"Failed to estimate cost: Cannot convert 105,100,44,108,97,98,101,108,92,110,49,44,99,97,116,92,110,50,44,100,111,103,10 to a BigInt"}
2026-03-06T19:29:36.665Z [ERROR] Upload failed {"error":"Failed to estimate cost: Cannot convert 66,108,111,98,32,102,115,32,116,101,115,116,105,110,103,32,102,105,108,101,10 to a BigInt"}
2026-03-06T19:30:21.701Z [ERROR] Upload failed {"error":"Failed to estimate cost: Cannot convert 105,100,44,108,97,98,101,108,92,110,49,44,99,97,116,92,110,50,44,100,111,103,10 to a BigInt"}
2026-03-06T19:32:44.720Z [ERROR] Upload failed {"error":"Failed to write blob after 3 attempts: Payment failed: bad address checksum (argument=\"address\", value=\"0x742d35Cc6634C0532925a3b844Bc9e7595f2bD77\", code=INVALID_ARGUMENT, version=6.16.0)"}
2026-03-06T19:37:26.136Z [ERROR] Upload failed {"error":"Failed to write blob after 3 attempts: Payment failed: bad address checksum (argument=\"address\", value=\"0x742d35Cc6634C0532925a3b844Bc9e7595f2bD77\", code=INVALID_ARGUMENT, version=6.16.0)"}
2026-03-06T19:42:47.643Z [ERROR] Upload failed {"error":"Failed to write blob after 3 attempts: Payment failed: bad address checksum (argument=\"address\", value=\"0x742d35Cc6634C0532925a3b844Bc9e7595f2bD77\", code=INVALID_ARGUMENT, version=6.16.0)"}
2026-03-06T19:45:14.241Z [ERROR] Upload failed {"error":"Failed to write blob after 3 attempts: Payment failed: could not decode result data (value=\"0x\", info={ \"method\": \"getJob\", \"signature\": \"getJob(bytes32)\" }, code=BAD_DATA, version=6.16.0)"}
2026-03-06T19:53:08.958Z [ERROR] Upload failed {"error":"Failed to write blob after 3 attempts: Payment failed: could not decode result data (value=\"0x\", info={ \"method\": \"getJob\", \"signature\": \"getJob(bytes32)\" }, code=BAD_DATA, version=6.16.0)"}
2026-03-06T19:55:20.817Z [ERROR] Upload failed {"error":"Failed to write blob after 3 attempts: Payment failed: could not decode result data (value=\"0x\", info={ \"method\": \"getJob\", \"signature\": \"getJob(bytes32)\" }, code=BAD_DATA, version=6.16.0)"}
2026-03-06T19:56:48.344Z [ERROR] Upload failed {"error":"Failed to write blob after 3 attempts: Failed to submit blob trx: signer.signRawTransaction is not a function"}
2026-03-06T19:58:29.135Z [ERROR] Upload failed {"error":"bad address checksum (argument=\"address\", value=\"0x742d35Cc6634C0532925a3b844Bc9e7595f2bD77\", code=INVALID_ARGUMENT, version=6.16.0)"}
2026-03-06T19:59:28.556Z [ERROR] Upload failed {"error":"bad address checksum (argument=\"address\", value=\"0x742d35Cc6634C0532925a3b844Bc9e7595f2bD77\", code=INVALID_ARGUMENT, version=6.16.0)"}
2026-03-06T20:00:41.842Z [ERROR] Upload failed {"error":"bad address checksum (argument=\"address\", value=\"0x742d35Cc6634C0532925a3b844Bc9e7595f2bD77\", code=INVALID_ARGUMENT, version=6.16.0)"}
2026-03-06T20:03:27.151Z [ERROR] Upload failed {"error":"could not decode result data (value=\"0x\", info={ \"method\": \"getJob\", \"signature\": \"getJob(bytes32)\" }, code=BAD_DATA, version=6.16.0)"}
2026-03-06T20:05:04.400Z [ERROR] Upload failed {"error":"could not decode result data (value=\"0x\", info={ \"method\": \"getJob\", \"signature\": \"getJob(bytes32)\" }, code=BAD_DATA, version=6.16.0)"}
2026-03-06T20:08:29.294Z [ERROR] Upload failed {"error":"could not decode result data (value=\"0x\", info={ \"method\": \"getJob\", \"signature\": \"getJob(bytes32)\" }, code=BAD_DATA, version=6.16.0)"}
2026-03-07T09:34:15.597Z [ERROR] Upload failed {"error":"UNIQUE constraint failed: blob_jobs.job_id"}
2026-03-07T13:44:20.009Z [ERROR] BlobKit error {"context":"readBlob","error":"Blob not found: 0x011949f252ca15ba80dfd6fa1481c46095bcb483643f51e01ca0ccbf883592d5"}
2026-03-07T13:44:20.010Z [ERROR] Blob read failed {"error":"Blob not found: 0x011949f252ca15ba80dfd6fa1481c46095bcb483643f51e01ca0ccbf883592d5"}
2026-03-07T13:46:57.425Z [ERROR] BlobKit error {"context":"readBlob","error":"Blob not found: 0x01f779c257cbe2fee70195159290e9a097a4e8df71f275f556aff3526c4130c0"}
2026-03-07T13:46:57.425Z [ERROR] Blob read failed {"error":"Blob not found: 0x01f779c257cbe2fee70195159290e9a097a4e8df71f275f556aff3526c4130c0"}
2026-03-07T13:50:01.392Z [ERROR] BlobKit error {"context":"readBlob","error":"Blob not found: 0x01f779c257cbe2fee70195159290e9a097a4e8df71f275f556aff3526c4130c0"}
2026-03-07T13:50:01.392Z [ERROR] Blob read failed {"error":"Blob not found: 0x01f779c257cbe2fee70195159290e9a097a4e8df71f275f556aff3526c4130c0"}
2026-03-08T11:24:02.623Z [ERROR] BlobKit error {"context":"readBlob","error":"Blob not found: 0x017ffc674113111d0a130475055009b9ea85e5cb56a6b4abd8b742bc1ea3b746"}
2026-03-08T11:24:02.627Z [ERROR] BlobKit error {"context":"readBlob","error":"Blob not found: 0x017ffc674113111d0a130475055009b9ea85e5cb56a6b4abd8b742bc1ea3b746"}
